<?xml version="1.0" encoding="UTF-8"?>
<testng-results ignored="0" total="2" passed="2" failed="0" skipped="0">
  <reporter-output>
  </reporter-output>
  <suite started-at="2023-01-31T12:52:18 IST" name="Default suite" finished-at="2023-01-31T12:52:27 IST" duration-ms="8949">
    <groups>
    </groups>
    <test started-at="2023-01-31T12:52:18 IST" name="Default test" finished-at="2023-01-31T12:52:27 IST" duration-ms="8949">
      <class name="basics.LoginWebShop">
        <test-method signature="text(java.lang.String,java.lang.String)[pri:0, instance:basics.LoginWebShop@3a93b025]" started-at="2023-01-31T12:52:19 IST" name="text" data-provider="testdata" finished-at="2023-01-31T12:52:27 IST" duration-ms="7613" status="PASS">
          <params>
            <param index="0">
              <value>
                <![CDATA[lnreddy122@gmail.com]]>
              </value>
            </param>
            <param index="1">
              <value>
                <![CDATA[LNReddy@23]]>
              </value>
            </param>
          </params>
          <reporter-output>
          </reporter-output>
        </test-method> <!-- text -->
        <test-method signature="text(java.lang.String,java.lang.String)[pri:0, instance:basics.LoginWebShop@3a93b025]" started-at="2023-01-31T12:52:19 IST" name="text" data-provider="testdata" finished-at="2023-01-31T12:52:27 IST" duration-ms="8021" status="PASS">
          <params>
            <param index="0">
              <value>
                <![CDATA[lnreddy1223@gmail.com]]>
              </value>
            </param>
            <param index="1">
              <value>
                <![CDATA[LNReddy@23]]>
              </value>
            </param>
          </params>
          <reporter-output>
          </reporter-output>
        </test-method> <!-- text -->
      </class> <!-- basics.LoginWebShop -->
    </test> <!-- Default test -->
  </suite> <!-- Default suite -->
</testng-results>
